<?xml version="1.0" encoding="UTF-8"?>
<!-- Generated by org.testng.reporters.JUnitReportReporter -->
<testsuite hostname="DESKTOP-5BKKI8L" failures="0" tests="2" name="com.allianz.test.LoginTest" time="28.276" errors="0" timestamp="2024-04-15T22:48:49 PDT" skipped="0">
  <testcase classname="com.allianz.test.LoginTest" name="invalidLoginTest" time="13.012"/>
  <testcase classname="com.allianz.test.LoginTest" name="validLoginTest" time="15.264"/>
</testsuite> <!-- com.allianz.test.LoginTest -->
