<?xml version="1.0" encoding="UTF-8"?>
<!-- Generated by org.testng.reporters.JUnitReportReporter -->
<testsuite hostname="DESKTOP-5BKKI8L" failures="0" tests="1" name="com.allianz.test.AddEmployeeTest" time="12.598" errors="0" timestamp="2024-04-17T22:56:54 PDT" skipped="0">
  <testcase classname="com.allianz.test.AddEmployeeTest" name="uploadInvalidDisplayPictureTest" time="12.598"/>
</testsuite> <!-- com.allianz.test.AddEmployeeTest -->
