<?xml version="1.0" encoding="UTF-8"?>
<!-- Generated by org.testng.reporters.JUnitReportReporter -->
<testsuite hostname="DESKTOP-5BKKI8L" failures="0" tests="2" name="com.allianz.test.LoginUITest" time="29.115" errors="0" timestamp="2024-04-04T00:01:40 PDT" skipped="0">
  <testcase classname="com.allianz.test.LoginUITest" name="applicationDescriptionTest" time="18.576"/>
  <testcase classname="com.allianz.test.LoginUITest" name="titleTest" time="10.539"/>
</testsuite> <!-- com.allianz.test.LoginUITest -->
