<?xml version="1.0" encoding="UTF-8"?>
<!-- Generated by org.testng.reporters.JUnitReportReporter -->
<testsuite hostname="DESKTOP-5BKKI8L" failures="0" tests="3" name="com.allianz.test.LoginTestDataDrivenTest" time="45.648" errors="0" timestamp="2024-04-22T23:54:03 PDT" skipped="0">
  <testcase classname="com.allianz.test.LoginTestDataDrivenTest" name="invalidLoginTest" time="11.770"/>
  <testcase classname="com.allianz.test.LoginTestDataDrivenTest" name="invalidLoginTest" time="10.248"/>
  <testcase classname="com.allianz.test.LoginTestDataDrivenTest" name="invalidLoginTest" time="23.630"/>
</testsuite> <!-- com.allianz.test.LoginTestDataDrivenTest -->
