<?xml version="1.0" encoding="UTF-8"?>
<!-- Generated by org.testng.reporters.JUnitReportReporter -->
<testsuite hostname="DESKTOP-5BKKI8L" failures="0" tests="2" name="com.allianz.test.LoginTestDataDriven" time="28.511" errors="0" timestamp="2024-04-16T00:02:58 PDT" skipped="0">
  <testcase classname="com.allianz.test.LoginTestDataDriven" name="invalidLoginTest" time="12.275"/>
  <testcase classname="com.allianz.test.LoginTestDataDriven" name="invalidLoginTest" time="16.236"/>
</testsuite> <!-- com.allianz.test.LoginTestDataDriven -->
