<?xml version="1.0" encoding="UTF-8"?>
<!-- Generated by org.testng.reporters.JUnitReportReporter -->
<testsuite hostname="DESKTOP-5BKKI8L" failures="0" tests="2" name="com.allianz.test.LoginTestDataDrivenTest" time="16.415" errors="0" timestamp="2024-04-16T00:14:12 PDT" skipped="0">
  <testcase classname="com.allianz.test.LoginTestDataDrivenTest" name="invalidLoginTest" time="9.116"/>
  <testcase classname="com.allianz.test.LoginTestDataDrivenTest" name="invalidLoginTest" time="7.299"/>
</testsuite> <!-- com.allianz.test.LoginTestDataDrivenTest -->
